# JRE version: OpenJDK Runtime Environment (11.0.13) (build 11.0.13+0-b1751.21-8125866)
# Java VM: OpenJDK 64-Bit Server VM (11.0.13+0-b1751.21-8125866, mixed mode, tiered, compressed oops, g1 gc, windows-amd64)
Heap:
 garbage-first heap   total 196608K, used 83919K [0x0000000080000000, 0x0000000100000000)
  region size 1024K, 11 young (11264K), 6 survivors (6144K)
 Metaspace       used 59423K, capacity 61135K, committed 61376K, reserved 1101824K
  class space    used 7614K, capacity 8197K, committed 8320K, reserved 1048576K
GC Heap History (16 events):
Event: 0.904 GC heap before
{Heap before GC invocations=0 (full 0):
 garbage-first heap   total 196608K, used 29696K [0x0000000080000000, 0x0000000100000000)
  region size 1024K, 24 young (24576K), 0 survivors (0K)
 Metaspace       used 10119K, capacity 10337K, committed 10624K, reserved 1058816K
  class space    used 1039K, capacity 1108K, committed 1152K, reserved 1048576K
}
Event: 0.913 GC heap after
{Heap after GC invocations=1 (full 0):
 garbage-first heap   total 196608K, used 9142K [0x0000000080000000, 0x0000000100000000)
  region size 1024K, 3 young (3072K), 3 survivors (3072K)
 Metaspace       used 10119K, capacity 10337K, committed 10624K, reserved 1058816K
  class space    used 1039K, capacity 1108K, committed 1152K, reserved 1048576K
}
Event: 3.062 GC heap before
{Heap before GC invocations=1 (full 0):
 garbage-first heap   total 196608K, used 110518K [0x0000000080000000, 0x0000000100000000)
  region size 1024K, 103 young (105472K), 3 survivors (3072K)
 Metaspace       used 20654K, capacity 21102K, committed 21296K, reserved 1069056K
  class space    used 2515K, capacity 2665K, committed 2688K, reserved 1048576K
}
Event: 3.076 GC heap after
{Heap after GC invocations=2 (full 0):
 garbage-first heap   total 196608K, used 16767K [0x0000000080000000, 0x0000000100000000)
  region size 1024K, 11 young (11264K), 11 survivors (11264K)
 Metaspace       used 20654K, capacity 21102K, committed 21296K, reserved 1069056K
  class space    used 2515K, capacity 2665K, committed 2688K, reserved 1048576K
}
Event: 3.620 GC heap before
{Heap before GC invocations=3 (full 0):
 garbage-first heap   total 196608K, used 55679K [0x0000000080000000, 0x0000000100000000)
  region size 1024K, 49 young (50176K), 11 survivors (11264K)
 Metaspace       used 24447K, capacity 24984K, committed 25008K, reserved 1071104K
  class space    used 3116K, capacity 3304K, committed 3328K, reserved 1048576K
}
Event: 3.633 GC heap after
{Heap after GC invocations=4 (full 0):
 garbage-first heap   total 196608K, used 18273K [0x0000000080000000, 0x0000000100000000)
  region size 1024K, 2 young (2048K), 2 survivors (2048K)
 Metaspace       used 24447K, capacity 24984K, committed 25008K, reserved 1071104K
  class space    used 3116K, capacity 3304K, committed 3328K, reserved 1048576K
}
Event: 5.819 GC heap before
{Heap before GC invocations=4 (full 0):
 garbage-first heap   total 196608K, used 132961K [0x0000000080000000, 0x0000000100000000)
  region size 1024K, 99 young (101376K), 2 survivors (2048K)
 Metaspace       used 34611K, capacity 35564K, committed 35632K, reserved 1079296K
  class space    used 4591K, capacity 4958K, committed 4992K, reserved 1048576K
}
Event: 5.832 GC heap after
{Heap after GC invocations=5 (full 0):
 garbage-first heap   total 196608K, used 42892K [0x0000000080000000, 0x0000000100000000)
  region size 1024K, 9 young (9216K), 9 survivors (9216K)
 Metaspace       used 34611K, capacity 35564K, committed 35632K, reserved 1079296K
  class space    used 4591K, capacity 4958K, committed 4992K, reserved 1048576K
}
Event: 7.712 GC heap before
{Heap before GC invocations=6 (full 0):
 garbage-first heap   total 196608K, used 152460K [0x0000000080000000, 0x0000000100000000)
  region size 1024K, 102 young (104448K), 9 survivors (9216K)
 Metaspace       used 43832K, capacity 44965K, committed 45104K, reserved 1089536K
  class space    used 5605K, capacity 6014K, committed 6016K, reserved 1048576K
}
Event: 7.727 GC heap after
{Heap after GC invocations=7 (full 0):
 garbage-first heap   total 196608K, used 64775K [0x0000000080000000, 0x0000000100000000)
  region size 1024K, 10 young (10240K), 10 survivors (10240K)
 Metaspace       used 43832K, capacity 44965K, committed 45104K, reserved 1089536K
  class space    used 5605K, capacity 6014K, committed 6016K, reserved 1048576K
}
Event: 9.444 GC heap before
{Heap before GC invocations=7 (full 0):
 garbage-first heap   total 196608K, used 146695K [0x0000000080000000, 0x0000000100000000)
  region size 1024K, 90 young (92160K), 10 survivors (10240K)
 Metaspace       used 51683K, capacity 53016K, committed 53168K, reserved 1095680K
  class space    used 6555K, capacity 7075K, committed 7168K, reserved 1048576K
}
Event: 9.455 GC heap after
{Heap after GC invocations=8 (full 0):
 garbage-first heap   total 196608K, used 69433K [0x0000000080000000, 0x0000000100000000)
  region size 1024K, 6 young (6144K), 6 survivors (6144K)
 Metaspace       used 51683K, capacity 53016K, committed 53168K, reserved 1095680K
  class space    used 6555K, capacity 7075K, committed 7168K, reserved 1048576K
}
Event: 12.043 GC heap before
{Heap before GC invocations=8 (full 0):
 garbage-first heap   total 196608K, used 154425K [0x0000000080000000, 0x0000000100000000)
  region size 1024K, 85 young (87040K), 6 survivors (6144K)
 Metaspace       used 56365K, capacity 57967K, committed 58160K, reserved 1099776K
  class space    used 7244K, capacity 7784K, committed 7808K, reserved 1048576K
}
Event: 12.053 GC heap after
{Heap after GC invocations=9 (full 0):
 garbage-first heap   total 196608K, used 79940K [0x0000000080000000, 0x0000000100000000)
  region size 1024K, 11 young (11264K), 11 survivors (11264K)
 Metaspace       used 56365K, capacity 57967K, committed 58160K, reserved 1099776K
  class space    used 7244K, capacity 7784K, committed 7808K, reserved 1048576K
}
Event: 12.327 GC heap before
{Heap before GC invocations=9 (full 0):
 garbage-first heap   total 196608K, used 98372K [0x0000000080000000, 0x0000000100000000)
  region size 1024K, 30 young (30720K), 11 survivors (11264K)
 Metaspace       used 57975K, capacity 59696K, committed 59696K, reserved 1101824K
  class space    used 7468K, capacity 8064K, committed 8064K, reserved 1048576K
}
Event: 12.341 GC heap after
{Heap after GC invocations=10 (full 0):
 garbage-first heap   total 196608K, used 79823K [0x0000000080000000, 0x0000000100000000)
  region size 1024K, 6 young (6144K), 6 survivors (6144K)
 Metaspace       used 57975K, capacity 59696K, committed 59696K, reserved 1101824K
  class space    used 7468K, capacity 8064K, committed 8064K, reserved 1048576K
}

